<?xml version="1.0" encoding="UTF-8"?>
<!-- Generated by org.testng.reporters.JUnitXMLReporter -->
<testsuite hostname="LAPTOP-DPFBDDPG" ignored="1" name="Test chrome" tests="2" failures="0" timestamp="2020-06-02T09:47:52 IDT" time="21.06" errors="0">
  <testcase name="@BeforeClass beforeClass" time="-1.591080451061E9" classname="demo1.TestSelenium1">
    <failure type="org.testng.TestNGException" message="
Parameter &amp;apos;browserName&amp;apos; is required by BeforeClass on method beforeClass but has not been marked @Optional or defined
in C:\Users\Israel Brener\eclipse-workspace\Selenium_TestNG_Demo\src\TestSelenium.xml">
      <![CDATA[org.testng.TestNGException: 
Parameter 'browserName' is required by BeforeClass on method beforeClass but has not been marked @Optional or defined
in C:\Users\Israel Brener\eclipse-workspace\Selenium_TestNG_Demo\src\TestSelenium.xml
at java.util.concurrent.ThreadPoolExecutor.runWorker(Unknown Source)
at java.util.concurrent.ThreadPoolExecutor$Worker.run(Unknown Source)
at java.lang.Thread.run(Unknown Source)
... Removed 7 stack frames]]>
    </failure>
  </testcase> <!-- @BeforeClass beforeClass -->
  <testcase name="@BeforeMethod beforeMethod" time="-1.591080451098E9" classname="demo1.TestSelenium1">
    <skipped/>
  </testcase> <!-- @BeforeMethod beforeMethod -->
  <testcase name="@AfterMethod afterMethod" time="-1.591080451106E9" classname="demo1.TestSelenium1">
    <skipped/>
  </testcase> <!-- @AfterMethod afterMethod -->
  <testcase name="@AfterClass afterClass" time="-1.591080451108E9" classname="demo1.TestSelenium1">
    <skipped/>
  </testcase> <!-- @AfterClass afterClass -->
  <testcase name="test1" time="0.0" classname="demo1.TestSelenium1">
    <skipped/>
  </testcase> <!-- test1 -->
  <testcase name="test3" time="4.92" classname="demo1.TestSelenium2"/>
  <testcase name="test2" time="0.0" classname="demo1.TestSelenium1">
    <ignored/>
  </testcase> <!-- test2 -->
</testsuite> <!-- Test chrome -->
